Total extraction NRE EJ
PES oil EJ
extraction coal EJ
PES nat gas
extraction uranium EJ
share conv vs total gas extraction
share conv vs total oil extraction
Real demand by sector
Real total output by sector
Real final energy by sector and fuel
Annual GDP growth rate
current mineral resources Mt
current mineral reserves Mt
share E losses CC
Temperature change
abundance coal
abundance total nat gas
abundance total oil
TPE from RES EJ
Percent RES vs TPES
Total land requirements renew Mha
share blue water use vs AR
EROIst system
TFES intensity EJ T$
Real TFEC
GDP
Population
